2018-03-27 20:24:40 =SUPERVISOR REPORT====
     Supervisor: {local,'Elixir.Logger.Supervisor'}
     Context:    child_terminated
     Reason:     normal
     Offender:   [{pid,<0.195.0>},{id,'Elixir.Logger.ErrorHandler'},{mfargs,{'Elixir.Logger.Watcher',start_link,[{error_logger,'Elixir.Logger.ErrorHandler',{true,false,500}}]}},{restart_type,permanent},{shutdown,5000},{child_type,worker}]

2018-03-27 20:25:12 =SUPERVISOR REPORT====
     Supervisor: {local,'Elixir.Logger.Supervisor'}
     Context:    child_terminated
     Reason:     normal
     Offender:   [{pid,<0.177.0>},{id,'Elixir.Logger.ErrorHandler'},{mfargs,{'Elixir.Logger.Watcher',start_link,[{error_logger,'Elixir.Logger.ErrorHandler',{true,false,500}}]}},{restart_type,permanent},{shutdown,5000},{child_type,worker}]

2018-03-27 20:25:33 =SUPERVISOR REPORT====
     Supervisor: {local,'Elixir.Logger.Supervisor'}
     Context:    child_terminated
     Reason:     normal
     Offender:   [{pid,<0.182.0>},{id,'Elixir.Logger.ErrorHandler'},{mfargs,{'Elixir.Logger.Watcher',start_link,[{error_logger,'Elixir.Logger.ErrorHandler',{true,false,500}}]}},{restart_type,permanent},{shutdown,5000},{child_type,worker}]

2018-03-27 20:25:52 =SUPERVISOR REPORT====
     Supervisor: {local,'Elixir.Logger.Supervisor'}
     Context:    child_terminated
     Reason:     normal
     Offender:   [{pid,<0.177.0>},{id,'Elixir.Logger.ErrorHandler'},{mfargs,{'Elixir.Logger.Watcher',start_link,[{error_logger,'Elixir.Logger.ErrorHandler',{true,false,500}}]}},{restart_type,permanent},{shutdown,5000},{child_type,worker}]

2018-03-27 20:28:59 =SUPERVISOR REPORT====
     Supervisor: {local,'Elixir.Logger.Supervisor'}
     Context:    child_terminated
     Reason:     normal
     Offender:   [{pid,<0.215.0>},{id,'Elixir.Logger.ErrorHandler'},{mfargs,{'Elixir.Logger.Watcher',start_link,[{error_logger,'Elixir.Logger.ErrorHandler',{true,false,500}}]}},{restart_type,permanent},{shutdown,5000},{child_type,worker}]

2018-03-27 20:28:59 =CRASH REPORT====
  crasher:
    initial call: rabbit_writer:enter_mainloop/2
    pid: <0.281.0>
    registered_name: []
    exception error: bad argument: [{erlang,size,[nil],[]},{rabbit_framing_amqp_0_9_1,shortstr_size,1,[{file,"/Users/ernestocambuston/experiments/feedx/deps/rabbit_common/src/rabbit_framing_amqp_0_9_1.erl"},{line,185}]},{rabbit_framing_amqp_0_9_1,encode_method_fields,1,[{file,"/Users/ernestocambuston/experiments/feedx/deps/rabbit_common/src/rabbit_framing_amqp_0_9_1.erl"},{line,1043}]},{rabbit_binary_generator,build_simple_method_frame,3,[{file,"/Users/ernestocambuston/experiments/feedx/deps/rabbit_common/src/rabbit_binary_generator.erl"},{line,59}]},{rabbit_writer,internal_send_command_async,2,[{file,"/Users/ernestocambuston/experiments/feedx/deps/rabbit_common/src/rabbit_writer.erl"},{line,333}]},{rabbit_writer,handle_message,3,[{file,"/Users/ernestocambuston/experiments/feedx/deps/rabbit_common/src/rabbit_writer.erl"},{line,209}]},{rabbit_writer,mainloop1,2,[{file,"/Users/ernestocambuston/experiments/feedx/deps/rabbit_common/src/rabbit_writer.erl"},{line,193}]},{rabbit_writer,mainloop,2,[{file,"/Users/ernestocambuston/experiments/feedx/deps/rabbit_common/src/rabbit_writer.erl"},{line,184}]}]
    ancestors: [<0.278.0>,<0.272.0>,<0.268.0>,<0.267.0>,amqp_sup,<0.259.0>]
    message_queue_len: 0
    messages: []
    links: [<0.278.0>]
    dictionary: [{process_name,{rabbit_writer,{<<"client 127.0.0.1:60444 -> 127.0.0.1:5672">>,1}}}]
    trap_exit: false
    status: running
    heap_size: 2586
    stack_size: 27
    reductions: 520
  neighbours:
2018-03-27 20:28:59 =SUPERVISOR REPORT====
     Supervisor: {<0.278.0>,amqp_channel_sup}
     Context:    child_terminated
     Reason:     {badarg,[{erlang,size,[nil],[]},{rabbit_framing_amqp_0_9_1,shortstr_size,1,[{file,"/Users/ernestocambuston/experiments/feedx/deps/rabbit_common/src/rabbit_framing_amqp_0_9_1.erl"},{line,185}]},{rabbit_framing_amqp_0_9_1,encode_method_fields,1,[{file,"/Users/ernestocambuston/experiments/feedx/deps/rabbit_common/src/rabbit_framing_amqp_0_9_1.erl"},{line,1043}]},{rabbit_binary_generator,build_simple_method_frame,3,[{file,"/Users/ernestocambuston/experiments/feedx/deps/rabbit_common/src/rabbit_binary_generator.erl"},{line,59}]},{rabbit_writer,internal_send_command_async,2,[{file,"/Users/ernestocambuston/experiments/feedx/deps/rabbit_common/src/rabbit_writer.erl"},{line,333}]},{rabbit_writer,handle_message,3,[{file,"/Users/ernestocambuston/experiments/feedx/deps/rabbit_common/src/rabbit_writer.erl"},{line,209}]},{rabbit_writer,mainloop1,2,[{file,"/Users/ernestocambuston/experiments/feedx/deps/rabbit_common/src/rabbit_writer.erl"},{line,193}]},{rabbit_writer,mainloop,2,[{file,"/Users/ernestocambuston/experiments/feedx/deps/rabbit_common/src/rabbit_writer.erl"},{line,184}]}]}
     Offender:   [{pid,<0.281.0>},{name,writer},{mfargs,{rabbit_writer,start_link,[#Port<0.8408>,1,131072,rabbit_framing_amqp_0_9_1,<0.280.0>,{<<"client 127.0.0.1:60444 -> 127.0.0.1:5672">>,1}]}},{restart_type,transient},{shutdown,30000},{child_type,worker}]

2018-03-27 20:28:59 =SUPERVISOR REPORT====
     Supervisor: {<0.278.0>,amqp_channel_sup}
     Context:    shutdown
     Reason:     reached_max_restart_intensity
     Offender:   [{pid,<0.281.0>},{name,writer},{mfargs,{rabbit_writer,start_link,[#Port<0.8408>,1,131072,rabbit_framing_amqp_0_9_1,<0.280.0>,{<<"client 127.0.0.1:60444 -> 127.0.0.1:5672">>,1}]}},{restart_type,transient},{shutdown,30000},{child_type,worker}]

2018-03-27 20:28:59 =SUPERVISOR REPORT====
     Supervisor: {<0.265.0>,'Elixir.Backbone.Supervisor'}
     Context:    start_error
     Reason:     {shutdown,{gen_server,call,[<0.280.0>,{call,{'queue.declare',0,nil,false,true,false,false,false,[]},none,<0.266.0>},60000]}}
     Offender:   [{pid,undefined},{id,'Elixir.Backbone.Consumer'},{mfargs,{'Elixir.Backbone.Consumer',start_link,[[],[{name,'Elixir.Backbone.Consumer'}]]}},{restart_type,permanent},{shutdown,5000},{child_type,worker}]

2018-03-27 20:28:59 =CRASH REPORT====
  crasher:
    initial call: application_master:init/4
    pid: <0.263.0>
    registered_name: []
    exception exit: {{{shutdown,{failed_to_start_child,'Elixir.Backbone.Consumer',{shutdown,{gen_server,call,[<0.280.0>,{call,{'queue.declare',0,nil,false,true,false,false,false,[]},none,<0.266.0>},60000]}}}},{'Elixir.Backbone.Application',start,[normal,[]]}},[{application_master,init,4,[{file,"application_master.erl"},{line,134}]},{proc_lib,init_p_do_apply,3,[{file,"proc_lib.erl"},{line,247}]}]}
    ancestors: [<0.262.0>]
    message_queue_len: 1
    messages: [{'EXIT',<0.264.0>,normal}]
    links: [<0.262.0>,<0.33.0>]
    dictionary: []
    trap_exit: true
    status: running
    heap_size: 610
    stack_size: 27
    reductions: 195
  neighbours:
2018-03-27 20:35:56 =SUPERVISOR REPORT====
     Supervisor: {local,'Elixir.Logger.Supervisor'}
     Context:    child_terminated
     Reason:     normal
     Offender:   [{pid,<0.177.0>},{id,'Elixir.Logger.ErrorHandler'},{mfargs,{'Elixir.Logger.Watcher',start_link,[{error_logger,'Elixir.Logger.ErrorHandler',{true,false,500}}]}},{restart_type,permanent},{shutdown,5000},{child_type,worker}]

2018-03-27 20:35:56 =CRASH REPORT====
  crasher:
    initial call: rabbit_writer:enter_mainloop/2
    pid: <0.243.0>
    registered_name: []
    exception error: bad argument: [{erlang,size,[nil],[]},{rabbit_framing_amqp_0_9_1,shortstr_size,1,[{file,"/Users/ernestocambuston/experiments/feedx/deps/rabbit_common/src/rabbit_framing_amqp_0_9_1.erl"},{line,185}]},{rabbit_framing_amqp_0_9_1,encode_method_fields,1,[{file,"/Users/ernestocambuston/experiments/feedx/deps/rabbit_common/src/rabbit_framing_amqp_0_9_1.erl"},{line,1043}]},{rabbit_binary_generator,build_simple_method_frame,3,[{file,"/Users/ernestocambuston/experiments/feedx/deps/rabbit_common/src/rabbit_binary_generator.erl"},{line,59}]},{rabbit_writer,internal_send_command_async,2,[{file,"/Users/ernestocambuston/experiments/feedx/deps/rabbit_common/src/rabbit_writer.erl"},{line,333}]},{rabbit_writer,handle_message,3,[{file,"/Users/ernestocambuston/experiments/feedx/deps/rabbit_common/src/rabbit_writer.erl"},{line,209}]},{rabbit_writer,mainloop1,2,[{file,"/Users/ernestocambuston/experiments/feedx/deps/rabbit_common/src/rabbit_writer.erl"},{line,193}]},{rabbit_writer,mainloop,2,[{file,"/Users/ernestocambuston/experiments/feedx/deps/rabbit_common/src/rabbit_writer.erl"},{line,184}]}]
    ancestors: [<0.240.0>,<0.234.0>,<0.230.0>,<0.229.0>,amqp_sup,<0.221.0>]
    message_queue_len: 0
    messages: []
    links: [<0.240.0>]
    dictionary: [{process_name,{rabbit_writer,{<<"client 127.0.0.1:60975 -> 127.0.0.1:5672">>,1}}}]
    trap_exit: false
    status: running
    heap_size: 2586
    stack_size: 27
    reductions: 522
  neighbours:
2018-03-27 20:35:56 =SUPERVISOR REPORT====
     Supervisor: {<0.240.0>,amqp_channel_sup}
     Context:    child_terminated
     Reason:     {badarg,[{erlang,size,[nil],[]},{rabbit_framing_amqp_0_9_1,shortstr_size,1,[{file,"/Users/ernestocambuston/experiments/feedx/deps/rabbit_common/src/rabbit_framing_amqp_0_9_1.erl"},{line,185}]},{rabbit_framing_amqp_0_9_1,encode_method_fields,1,[{file,"/Users/ernestocambuston/experiments/feedx/deps/rabbit_common/src/rabbit_framing_amqp_0_9_1.erl"},{line,1043}]},{rabbit_binary_generator,build_simple_method_frame,3,[{file,"/Users/ernestocambuston/experiments/feedx/deps/rabbit_common/src/rabbit_binary_generator.erl"},{line,59}]},{rabbit_writer,internal_send_command_async,2,[{file,"/Users/ernestocambuston/experiments/feedx/deps/rabbit_common/src/rabbit_writer.erl"},{line,333}]},{rabbit_writer,handle_message,3,[{file,"/Users/ernestocambuston/experiments/feedx/deps/rabbit_common/src/rabbit_writer.erl"},{line,209}]},{rabbit_writer,mainloop1,2,[{file,"/Users/ernestocambuston/experiments/feedx/deps/rabbit_common/src/rabbit_writer.erl"},{line,193}]},{rabbit_writer,mainloop,2,[{file,"/Users/ernestocambuston/experiments/feedx/deps/rabbit_common/src/rabbit_writer.erl"},{line,184}]}]}
     Offender:   [{pid,<0.243.0>},{name,writer},{mfargs,{rabbit_writer,start_link,[#Port<0.5748>,1,131072,rabbit_framing_amqp_0_9_1,<0.242.0>,{<<"client 127.0.0.1:60975 -> 127.0.0.1:5672">>,1}]}},{restart_type,transient},{shutdown,30000},{child_type,worker}]

2018-03-27 20:35:56 =SUPERVISOR REPORT====
     Supervisor: {<0.240.0>,amqp_channel_sup}
     Context:    shutdown
     Reason:     reached_max_restart_intensity
     Offender:   [{pid,<0.243.0>},{name,writer},{mfargs,{rabbit_writer,start_link,[#Port<0.5748>,1,131072,rabbit_framing_amqp_0_9_1,<0.242.0>,{<<"client 127.0.0.1:60975 -> 127.0.0.1:5672">>,1}]}},{restart_type,transient},{shutdown,30000},{child_type,worker}]

2018-03-27 20:35:56 =SUPERVISOR REPORT====
     Supervisor: {<0.227.0>,'Elixir.Backbone.Supervisor'}
     Context:    start_error
     Reason:     {shutdown,{gen_server,call,[<0.242.0>,{call,{'queue.declare',0,nil,false,true,false,false,false,[]},none,<0.228.0>},60000]}}
     Offender:   [{pid,undefined},{id,'Elixir.Backbone.Consumer'},{mfargs,{'Elixir.Backbone.Consumer',start_link,[[],[{name,'Elixir.Backbone.Consumer'}]]}},{restart_type,permanent},{shutdown,5000},{child_type,worker}]

2018-03-27 20:35:56 =CRASH REPORT====
  crasher:
    initial call: application_master:init/4
    pid: <0.225.0>
    registered_name: []
    exception exit: {{{shutdown,{failed_to_start_child,'Elixir.Backbone.Consumer',{shutdown,{gen_server,call,[<0.242.0>,{call,{'queue.declare',0,nil,false,true,false,false,false,[]},none,<0.228.0>},60000]}}}},{'Elixir.Backbone.Application',start,[normal,[]]}},[{application_master,init,4,[{file,"application_master.erl"},{line,134}]},{proc_lib,init_p_do_apply,3,[{file,"proc_lib.erl"},{line,247}]}]}
    ancestors: [<0.224.0>]
    message_queue_len: 1
    messages: [{'EXIT',<0.226.0>,normal}]
    links: [<0.224.0>,<0.33.0>]
    dictionary: []
    trap_exit: true
    status: running
    heap_size: 610
    stack_size: 27
    reductions: 195
  neighbours:
2018-03-27 20:36:30 =SUPERVISOR REPORT====
     Supervisor: {local,'Elixir.Logger.Supervisor'}
     Context:    child_terminated
     Reason:     normal
     Offender:   [{pid,<0.177.0>},{id,'Elixir.Logger.ErrorHandler'},{mfargs,{'Elixir.Logger.Watcher',start_link,[{error_logger,'Elixir.Logger.ErrorHandler',{true,false,500}}]}},{restart_type,permanent},{shutdown,5000},{child_type,worker}]

2018-03-27 20:36:30 =CRASH REPORT====
  crasher:
    initial call: rabbit_writer:enter_mainloop/2
    pid: <0.243.0>
    registered_name: []
    exception error: bad argument: [{erlang,size,[nil],[]},{rabbit_framing_amqp_0_9_1,shortstr_size,1,[{file,"/Users/ernestocambuston/experiments/feedx/deps/rabbit_common/src/rabbit_framing_amqp_0_9_1.erl"},{line,185}]},{rabbit_framing_amqp_0_9_1,encode_method_fields,1,[{file,"/Users/ernestocambuston/experiments/feedx/deps/rabbit_common/src/rabbit_framing_amqp_0_9_1.erl"},{line,1043}]},{rabbit_binary_generator,build_simple_method_frame,3,[{file,"/Users/ernestocambuston/experiments/feedx/deps/rabbit_common/src/rabbit_binary_generator.erl"},{line,59}]},{rabbit_writer,internal_send_command_async,2,[{file,"/Users/ernestocambuston/experiments/feedx/deps/rabbit_common/src/rabbit_writer.erl"},{line,333}]},{rabbit_writer,handle_message,3,[{file,"/Users/ernestocambuston/experiments/feedx/deps/rabbit_common/src/rabbit_writer.erl"},{line,209}]},{rabbit_writer,mainloop1,2,[{file,"/Users/ernestocambuston/experiments/feedx/deps/rabbit_common/src/rabbit_writer.erl"},{line,193}]},{rabbit_writer,mainloop,2,[{file,"/Users/ernestocambuston/experiments/feedx/deps/rabbit_common/src/rabbit_writer.erl"},{line,184}]}]
    ancestors: [<0.240.0>,<0.234.0>,<0.230.0>,<0.229.0>,amqp_sup,<0.221.0>]
    message_queue_len: 0
    messages: []
    links: [<0.240.0>]
    dictionary: [{process_name,{rabbit_writer,{<<"client 127.0.0.1:61003 -> 127.0.0.1:5672">>,1}}}]
    trap_exit: false
    status: running
    heap_size: 2586
    stack_size: 27
    reductions: 522
  neighbours:
2018-03-27 20:36:30 =SUPERVISOR REPORT====
     Supervisor: {<0.240.0>,amqp_channel_sup}
     Context:    child_terminated
     Reason:     {badarg,[{erlang,size,[nil],[]},{rabbit_framing_amqp_0_9_1,shortstr_size,1,[{file,"/Users/ernestocambuston/experiments/feedx/deps/rabbit_common/src/rabbit_framing_amqp_0_9_1.erl"},{line,185}]},{rabbit_framing_amqp_0_9_1,encode_method_fields,1,[{file,"/Users/ernestocambuston/experiments/feedx/deps/rabbit_common/src/rabbit_framing_amqp_0_9_1.erl"},{line,1043}]},{rabbit_binary_generator,build_simple_method_frame,3,[{file,"/Users/ernestocambuston/experiments/feedx/deps/rabbit_common/src/rabbit_binary_generator.erl"},{line,59}]},{rabbit_writer,internal_send_command_async,2,[{file,"/Users/ernestocambuston/experiments/feedx/deps/rabbit_common/src/rabbit_writer.erl"},{line,333}]},{rabbit_writer,handle_message,3,[{file,"/Users/ernestocambuston/experiments/feedx/deps/rabbit_common/src/rabbit_writer.erl"},{line,209}]},{rabbit_writer,mainloop1,2,[{file,"/Users/ernestocambuston/experiments/feedx/deps/rabbit_common/src/rabbit_writer.erl"},{line,193}]},{rabbit_writer,mainloop,2,[{file,"/Users/ernestocambuston/experiments/feedx/deps/rabbit_common/src/rabbit_writer.erl"},{line,184}]}]}
     Offender:   [{pid,<0.243.0>},{name,writer},{mfargs,{rabbit_writer,start_link,[#Port<0.5748>,1,131072,rabbit_framing_amqp_0_9_1,<0.242.0>,{<<"client 127.0.0.1:61003 -> 127.0.0.1:5672">>,1}]}},{restart_type,transient},{shutdown,30000},{child_type,worker}]

2018-03-27 20:36:30 =SUPERVISOR REPORT====
     Supervisor: {<0.240.0>,amqp_channel_sup}
     Context:    shutdown
     Reason:     reached_max_restart_intensity
     Offender:   [{pid,<0.243.0>},{name,writer},{mfargs,{rabbit_writer,start_link,[#Port<0.5748>,1,131072,rabbit_framing_amqp_0_9_1,<0.242.0>,{<<"client 127.0.0.1:61003 -> 127.0.0.1:5672">>,1}]}},{restart_type,transient},{shutdown,30000},{child_type,worker}]

2018-03-27 20:36:30 =SUPERVISOR REPORT====
     Supervisor: {<0.227.0>,'Elixir.Backbone.Supervisor'}
     Context:    start_error
     Reason:     {shutdown,{gen_server,call,[<0.242.0>,{call,{'queue.declare',0,nil,false,true,false,false,false,[]},none,<0.228.0>},60000]}}
     Offender:   [{pid,undefined},{id,'Elixir.Backbone.Consumer'},{mfargs,{'Elixir.Backbone.Consumer',start_link,[[],[{name,'Elixir.Backbone.Consumer'}]]}},{restart_type,permanent},{shutdown,5000},{child_type,worker}]

2018-03-27 20:36:30 =CRASH REPORT====
  crasher:
    initial call: application_master:init/4
    pid: <0.225.0>
    registered_name: []
    exception exit: {{{shutdown,{failed_to_start_child,'Elixir.Backbone.Consumer',{shutdown,{gen_server,call,[<0.242.0>,{call,{'queue.declare',0,nil,false,true,false,false,false,[]},none,<0.228.0>},60000]}}}},{'Elixir.Backbone.Application',start,[normal,[]]}},[{application_master,init,4,[{file,"application_master.erl"},{line,134}]},{proc_lib,init_p_do_apply,3,[{file,"proc_lib.erl"},{line,247}]}]}
    ancestors: [<0.224.0>]
    message_queue_len: 1
    messages: [{'EXIT',<0.226.0>,normal}]
    links: [<0.224.0>,<0.33.0>]
    dictionary: []
    trap_exit: true
    status: running
    heap_size: 610
    stack_size: 27
    reductions: 197
  neighbours:
2018-03-27 20:36:43 =SUPERVISOR REPORT====
     Supervisor: {local,'Elixir.Logger.Supervisor'}
     Context:    child_terminated
     Reason:     normal
     Offender:   [{pid,<0.177.0>},{id,'Elixir.Logger.ErrorHandler'},{mfargs,{'Elixir.Logger.Watcher',start_link,[{error_logger,'Elixir.Logger.ErrorHandler',{true,false,500}}]}},{restart_type,permanent},{shutdown,5000},{child_type,worker}]

2018-03-27 20:36:43 =CRASH REPORT====
  crasher:
    initial call: rabbit_writer:enter_mainloop/2
    pid: <0.243.0>
    registered_name: []
    exception error: bad argument: [{erlang,size,[nil],[]},{rabbit_framing_amqp_0_9_1,shortstr_size,1,[{file,"/Users/ernestocambuston/experiments/feedx/deps/rabbit_common/src/rabbit_framing_amqp_0_9_1.erl"},{line,185}]},{rabbit_framing_amqp_0_9_1,encode_method_fields,1,[{file,"/Users/ernestocambuston/experiments/feedx/deps/rabbit_common/src/rabbit_framing_amqp_0_9_1.erl"},{line,1043}]},{rabbit_binary_generator,build_simple_method_frame,3,[{file,"/Users/ernestocambuston/experiments/feedx/deps/rabbit_common/src/rabbit_binary_generator.erl"},{line,59}]},{rabbit_writer,internal_send_command_async,2,[{file,"/Users/ernestocambuston/experiments/feedx/deps/rabbit_common/src/rabbit_writer.erl"},{line,333}]},{rabbit_writer,handle_message,3,[{file,"/Users/ernestocambuston/experiments/feedx/deps/rabbit_common/src/rabbit_writer.erl"},{line,209}]},{rabbit_writer,mainloop1,2,[{file,"/Users/ernestocambuston/experiments/feedx/deps/rabbit_common/src/rabbit_writer.erl"},{line,193}]},{rabbit_writer,mainloop,2,[{file,"/Users/ernestocambuston/experiments/feedx/deps/rabbit_common/src/rabbit_writer.erl"},{line,184}]}]
    ancestors: [<0.240.0>,<0.234.0>,<0.230.0>,<0.229.0>,amqp_sup,<0.221.0>]
    message_queue_len: 0
    messages: []
    links: [<0.240.0>]
    dictionary: [{process_name,{rabbit_writer,{<<"client 127.0.0.1:61015 -> 127.0.0.1:5672">>,1}}}]
    trap_exit: false
    status: running
    heap_size: 2586
    stack_size: 27
    reductions: 520
  neighbours:
2018-03-27 20:36:43 =SUPERVISOR REPORT====
     Supervisor: {<0.240.0>,amqp_channel_sup}
     Context:    child_terminated
     Reason:     {badarg,[{erlang,size,[nil],[]},{rabbit_framing_amqp_0_9_1,shortstr_size,1,[{file,"/Users/ernestocambuston/experiments/feedx/deps/rabbit_common/src/rabbit_framing_amqp_0_9_1.erl"},{line,185}]},{rabbit_framing_amqp_0_9_1,encode_method_fields,1,[{file,"/Users/ernestocambuston/experiments/feedx/deps/rabbit_common/src/rabbit_framing_amqp_0_9_1.erl"},{line,1043}]},{rabbit_binary_generator,build_simple_method_frame,3,[{file,"/Users/ernestocambuston/experiments/feedx/deps/rabbit_common/src/rabbit_binary_generator.erl"},{line,59}]},{rabbit_writer,internal_send_command_async,2,[{file,"/Users/ernestocambuston/experiments/feedx/deps/rabbit_common/src/rabbit_writer.erl"},{line,333}]},{rabbit_writer,handle_message,3,[{file,"/Users/ernestocambuston/experiments/feedx/deps/rabbit_common/src/rabbit_writer.erl"},{line,209}]},{rabbit_writer,mainloop1,2,[{file,"/Users/ernestocambuston/experiments/feedx/deps/rabbit_common/src/rabbit_writer.erl"},{line,193}]},{rabbit_writer,mainloop,2,[{file,"/Users/ernestocambuston/experiments/feedx/deps/rabbit_common/src/rabbit_writer.erl"},{line,184}]}]}
     Offender:   [{pid,<0.243.0>},{name,writer},{mfargs,{rabbit_writer,start_link,[#Port<0.5748>,1,131072,rabbit_framing_amqp_0_9_1,<0.242.0>,{<<"client 127.0.0.1:61015 -> 127.0.0.1:5672">>,1}]}},{restart_type,transient},{shutdown,30000},{child_type,worker}]

2018-03-27 20:36:43 =SUPERVISOR REPORT====
     Supervisor: {<0.240.0>,amqp_channel_sup}
     Context:    shutdown
     Reason:     reached_max_restart_intensity
     Offender:   [{pid,<0.243.0>},{name,writer},{mfargs,{rabbit_writer,start_link,[#Port<0.5748>,1,131072,rabbit_framing_amqp_0_9_1,<0.242.0>,{<<"client 127.0.0.1:61015 -> 127.0.0.1:5672">>,1}]}},{restart_type,transient},{shutdown,30000},{child_type,worker}]

2018-03-27 20:36:43 =SUPERVISOR REPORT====
     Supervisor: {<0.227.0>,'Elixir.Backbone.Supervisor'}
     Context:    start_error
     Reason:     {shutdown,{gen_server,call,[<0.242.0>,{call,{'queue.declare',0,nil,false,true,false,false,false,[]},none,<0.228.0>},60000]}}
     Offender:   [{pid,undefined},{id,'Elixir.Backbone.Consumer'},{mfargs,{'Elixir.Backbone.Consumer',start_link,[[],[{name,'Elixir.Backbone.Consumer'}]]}},{restart_type,permanent},{shutdown,5000},{child_type,worker}]

2018-03-27 20:36:43 =CRASH REPORT====
  crasher:
    initial call: application_master:init/4
    pid: <0.225.0>
    registered_name: []
    exception exit: {{{shutdown,{failed_to_start_child,'Elixir.Backbone.Consumer',{shutdown,{gen_server,call,[<0.242.0>,{call,{'queue.declare',0,nil,false,true,false,false,false,[]},none,<0.228.0>},60000]}}}},{'Elixir.Backbone.Application',start,[normal,[]]}},[{application_master,init,4,[{file,"application_master.erl"},{line,134}]},{proc_lib,init_p_do_apply,3,[{file,"proc_lib.erl"},{line,247}]}]}
    ancestors: [<0.224.0>]
    message_queue_len: 1
    messages: [{'EXIT',<0.226.0>,normal}]
    links: [<0.224.0>,<0.33.0>]
    dictionary: []
    trap_exit: true
    status: running
    heap_size: 610
    stack_size: 27
    reductions: 197
  neighbours:
2018-03-27 20:36:58 =SUPERVISOR REPORT====
     Supervisor: {local,'Elixir.Logger.Supervisor'}
     Context:    child_terminated
     Reason:     normal
     Offender:   [{pid,<0.177.0>},{id,'Elixir.Logger.ErrorHandler'},{mfargs,{'Elixir.Logger.Watcher',start_link,[{error_logger,'Elixir.Logger.ErrorHandler',{true,false,500}}]}},{restart_type,permanent},{shutdown,5000},{child_type,worker}]

2018-03-27 20:36:59 =CRASH REPORT====
  crasher:
    initial call: rabbit_writer:enter_mainloop/2
    pid: <0.243.0>
    registered_name: []
    exception error: bad argument: [{erlang,size,[nil],[]},{rabbit_framing_amqp_0_9_1,shortstr_size,1,[{file,"/Users/ernestocambuston/experiments/feedx/deps/rabbit_common/src/rabbit_framing_amqp_0_9_1.erl"},{line,185}]},{rabbit_framing_amqp_0_9_1,encode_method_fields,1,[{file,"/Users/ernestocambuston/experiments/feedx/deps/rabbit_common/src/rabbit_framing_amqp_0_9_1.erl"},{line,1043}]},{rabbit_binary_generator,build_simple_method_frame,3,[{file,"/Users/ernestocambuston/experiments/feedx/deps/rabbit_common/src/rabbit_binary_generator.erl"},{line,59}]},{rabbit_writer,internal_send_command_async,2,[{file,"/Users/ernestocambuston/experiments/feedx/deps/rabbit_common/src/rabbit_writer.erl"},{line,333}]},{rabbit_writer,handle_message,3,[{file,"/Users/ernestocambuston/experiments/feedx/deps/rabbit_common/src/rabbit_writer.erl"},{line,209}]},{rabbit_writer,mainloop1,2,[{file,"/Users/ernestocambuston/experiments/feedx/deps/rabbit_common/src/rabbit_writer.erl"},{line,193}]},{rabbit_writer,mainloop,2,[{file,"/Users/ernestocambuston/experiments/feedx/deps/rabbit_common/src/rabbit_writer.erl"},{line,184}]}]
    ancestors: [<0.240.0>,<0.234.0>,<0.230.0>,<0.229.0>,amqp_sup,<0.221.0>]
    message_queue_len: 0
    messages: []
    links: [<0.240.0>]
    dictionary: [{process_name,{rabbit_writer,{<<"client 127.0.0.1:61030 -> 127.0.0.1:5672">>,1}}}]
    trap_exit: false
    status: running
    heap_size: 2586
    stack_size: 27
    reductions: 520
  neighbours:
2018-03-27 20:36:59 =SUPERVISOR REPORT====
     Supervisor: {<0.240.0>,amqp_channel_sup}
     Context:    child_terminated
     Reason:     {badarg,[{erlang,size,[nil],[]},{rabbit_framing_amqp_0_9_1,shortstr_size,1,[{file,"/Users/ernestocambuston/experiments/feedx/deps/rabbit_common/src/rabbit_framing_amqp_0_9_1.erl"},{line,185}]},{rabbit_framing_amqp_0_9_1,encode_method_fields,1,[{file,"/Users/ernestocambuston/experiments/feedx/deps/rabbit_common/src/rabbit_framing_amqp_0_9_1.erl"},{line,1043}]},{rabbit_binary_generator,build_simple_method_frame,3,[{file,"/Users/ernestocambuston/experiments/feedx/deps/rabbit_common/src/rabbit_binary_generator.erl"},{line,59}]},{rabbit_writer,internal_send_command_async,2,[{file,"/Users/ernestocambuston/experiments/feedx/deps/rabbit_common/src/rabbit_writer.erl"},{line,333}]},{rabbit_writer,handle_message,3,[{file,"/Users/ernestocambuston/experiments/feedx/deps/rabbit_common/src/rabbit_writer.erl"},{line,209}]},{rabbit_writer,mainloop1,2,[{file,"/Users/ernestocambuston/experiments/feedx/deps/rabbit_common/src/rabbit_writer.erl"},{line,193}]},{rabbit_writer,mainloop,2,[{file,"/Users/ernestocambuston/experiments/feedx/deps/rabbit_common/src/rabbit_writer.erl"},{line,184}]}]}
     Offender:   [{pid,<0.243.0>},{name,writer},{mfargs,{rabbit_writer,start_link,[#Port<0.5748>,1,131072,rabbit_framing_amqp_0_9_1,<0.242.0>,{<<"client 127.0.0.1:61030 -> 127.0.0.1:5672">>,1}]}},{restart_type,transient},{shutdown,30000},{child_type,worker}]

2018-03-27 20:36:59 =SUPERVISOR REPORT====
     Supervisor: {<0.240.0>,amqp_channel_sup}
     Context:    shutdown
     Reason:     reached_max_restart_intensity
     Offender:   [{pid,<0.243.0>},{name,writer},{mfargs,{rabbit_writer,start_link,[#Port<0.5748>,1,131072,rabbit_framing_amqp_0_9_1,<0.242.0>,{<<"client 127.0.0.1:61030 -> 127.0.0.1:5672">>,1}]}},{restart_type,transient},{shutdown,30000},{child_type,worker}]

2018-03-27 20:36:59 =SUPERVISOR REPORT====
     Supervisor: {<0.227.0>,'Elixir.Backbone.Supervisor'}
     Context:    start_error
     Reason:     {shutdown,{gen_server,call,[<0.242.0>,{call,{'queue.declare',0,nil,false,true,false,false,false,[]},none,<0.228.0>},60000]}}
     Offender:   [{pid,undefined},{id,'Elixir.Backbone.Consumer'},{mfargs,{'Elixir.Backbone.Consumer',start_link,[[],[{name,'Elixir.Backbone.Consumer'}]]}},{restart_type,permanent},{shutdown,5000},{child_type,worker}]

2018-03-27 20:36:59 =CRASH REPORT====
  crasher:
    initial call: application_master:init/4
    pid: <0.225.0>
    registered_name: []
    exception exit: {{{shutdown,{failed_to_start_child,'Elixir.Backbone.Consumer',{shutdown,{gen_server,call,[<0.242.0>,{call,{'queue.declare',0,nil,false,true,false,false,false,[]},none,<0.228.0>},60000]}}}},{'Elixir.Backbone.Application',start,[normal,[]]}},[{application_master,init,4,[{file,"application_master.erl"},{line,134}]},{proc_lib,init_p_do_apply,3,[{file,"proc_lib.erl"},{line,247}]}]}
    ancestors: [<0.224.0>]
    message_queue_len: 1
    messages: [{'EXIT',<0.226.0>,normal}]
    links: [<0.224.0>,<0.33.0>]
    dictionary: []
    trap_exit: true
    status: running
    heap_size: 610
    stack_size: 27
    reductions: 195
  neighbours:
2018-03-27 20:37:38 =SUPERVISOR REPORT====
     Supervisor: {local,'Elixir.Logger.Supervisor'}
     Context:    child_terminated
     Reason:     normal
     Offender:   [{pid,<0.177.0>},{id,'Elixir.Logger.ErrorHandler'},{mfargs,{'Elixir.Logger.Watcher',start_link,[{error_logger,'Elixir.Logger.ErrorHandler',{true,false,500}}]}},{restart_type,permanent},{shutdown,5000},{child_type,worker}]

2018-03-27 20:37:39 =CRASH REPORT====
  crasher:
    initial call: rabbit_writer:enter_mainloop/2
    pid: <0.243.0>
    registered_name: []
    exception error: bad argument: [{erlang,size,[nil],[]},{rabbit_framing_amqp_0_9_1,shortstr_size,1,[{file,"/Users/ernestocambuston/experiments/feedx/deps/rabbit_common/src/rabbit_framing_amqp_0_9_1.erl"},{line,185}]},{rabbit_framing_amqp_0_9_1,encode_method_fields,1,[{file,"/Users/ernestocambuston/experiments/feedx/deps/rabbit_common/src/rabbit_framing_amqp_0_9_1.erl"},{line,1088}]},{rabbit_binary_generator,build_simple_method_frame,3,[{file,"/Users/ernestocambuston/experiments/feedx/deps/rabbit_common/src/rabbit_binary_generator.erl"},{line,59}]},{rabbit_writer,internal_send_command_async,2,[{file,"/Users/ernestocambuston/experiments/feedx/deps/rabbit_common/src/rabbit_writer.erl"},{line,333}]},{rabbit_writer,handle_message,3,[{file,"/Users/ernestocambuston/experiments/feedx/deps/rabbit_common/src/rabbit_writer.erl"},{line,209}]},{rabbit_writer,mainloop1,2,[{file,"/Users/ernestocambuston/experiments/feedx/deps/rabbit_common/src/rabbit_writer.erl"},{line,193}]},{rabbit_writer,mainloop,2,[{file,"/Users/ernestocambuston/experiments/feedx/deps/rabbit_common/src/rabbit_writer.erl"},{line,184}]}]
    ancestors: [<0.240.0>,<0.234.0>,<0.230.0>,<0.229.0>,amqp_sup,<0.221.0>]
    message_queue_len: 0
    messages: []
    links: [<0.240.0>]
    dictionary: [{process_name,{rabbit_writer,{<<"client 127.0.0.1:61101 -> 127.0.0.1:5672">>,1}}}]
    trap_exit: false
    status: running
    heap_size: 1598
    stack_size: 27
    reductions: 880
  neighbours:
2018-03-27 20:37:39 =SUPERVISOR REPORT====
     Supervisor: {<0.240.0>,amqp_channel_sup}
     Context:    child_terminated
     Reason:     {badarg,[{erlang,size,[nil],[]},{rabbit_framing_amqp_0_9_1,shortstr_size,1,[{file,"/Users/ernestocambuston/experiments/feedx/deps/rabbit_common/src/rabbit_framing_amqp_0_9_1.erl"},{line,185}]},{rabbit_framing_amqp_0_9_1,encode_method_fields,1,[{file,"/Users/ernestocambuston/experiments/feedx/deps/rabbit_common/src/rabbit_framing_amqp_0_9_1.erl"},{line,1088}]},{rabbit_binary_generator,build_simple_method_frame,3,[{file,"/Users/ernestocambuston/experiments/feedx/deps/rabbit_common/src/rabbit_binary_generator.erl"},{line,59}]},{rabbit_writer,internal_send_command_async,2,[{file,"/Users/ernestocambuston/experiments/feedx/deps/rabbit_common/src/rabbit_writer.erl"},{line,333}]},{rabbit_writer,handle_message,3,[{file,"/Users/ernestocambuston/experiments/feedx/deps/rabbit_common/src/rabbit_writer.erl"},{line,209}]},{rabbit_writer,mainloop1,2,[{file,"/Users/ernestocambuston/experiments/feedx/deps/rabbit_common/src/rabbit_writer.erl"},{line,193}]},{rabbit_writer,mainloop,2,[{file,"/Users/ernestocambuston/experiments/feedx/deps/rabbit_common/src/rabbit_writer.erl"},{line,184}]}]}
     Offender:   [{pid,<0.243.0>},{name,writer},{mfargs,{rabbit_writer,start_link,[#Port<0.5748>,1,131072,rabbit_framing_amqp_0_9_1,<0.242.0>,{<<"client 127.0.0.1:61101 -> 127.0.0.1:5672">>,1}]}},{restart_type,transient},{shutdown,30000},{child_type,worker}]

2018-03-27 20:37:39 =SUPERVISOR REPORT====
     Supervisor: {<0.240.0>,amqp_channel_sup}
     Context:    shutdown
     Reason:     reached_max_restart_intensity
     Offender:   [{pid,<0.243.0>},{name,writer},{mfargs,{rabbit_writer,start_link,[#Port<0.5748>,1,131072,rabbit_framing_amqp_0_9_1,<0.242.0>,{<<"client 127.0.0.1:61101 -> 127.0.0.1:5672">>,1}]}},{restart_type,transient},{shutdown,30000},{child_type,worker}]

2018-03-27 20:37:39 =SUPERVISOR REPORT====
     Supervisor: {<0.227.0>,'Elixir.Backbone.Supervisor'}
     Context:    start_error
     Reason:     {shutdown,{gen_server,call,[<0.242.0>,{subscribe,{'basic.consume',0,nil,<<>>,false,false,false,false,[]},<0.244.0>},60000]}}
     Offender:   [{pid,undefined},{id,'Elixir.Backbone.Consumer'},{mfargs,{'Elixir.Backbone.Consumer',start_link,[[],[{name,'Elixir.Backbone.Consumer'}]]}},{restart_type,permanent},{shutdown,5000},{child_type,worker}]

2018-03-27 20:37:39 =CRASH REPORT====
  crasher:
    initial call: application_master:init/4
    pid: <0.225.0>
    registered_name: []
    exception exit: {{{shutdown,{failed_to_start_child,'Elixir.Backbone.Consumer',{shutdown,{gen_server,call,[<0.242.0>,{subscribe,{'basic.consume',0,nil,<<>>,false,false,false,false,[]},<0.244.0>},60000]}}}},{'Elixir.Backbone.Application',start,[normal,[]]}},[{application_master,init,4,[{file,"application_master.erl"},{line,134}]},{proc_lib,init_p_do_apply,3,[{file,"proc_lib.erl"},{line,247}]}]}
    ancestors: [<0.224.0>]
    message_queue_len: 1
    messages: [{'EXIT',<0.226.0>,normal}]
    links: [<0.224.0>,<0.33.0>]
    dictionary: []
    trap_exit: true
    status: running
    heap_size: 376
    stack_size: 27
    reductions: 193
  neighbours:
2018-03-27 20:38:04 =SUPERVISOR REPORT====
     Supervisor: {local,'Elixir.Logger.Supervisor'}
     Context:    child_terminated
     Reason:     normal
     Offender:   [{pid,<0.177.0>},{id,'Elixir.Logger.ErrorHandler'},{mfargs,{'Elixir.Logger.Watcher',start_link,[{error_logger,'Elixir.Logger.ErrorHandler',{true,false,500}}]}},{restart_type,permanent},{shutdown,5000},{child_type,worker}]

2018-03-27 20:38:16 =SUPERVISOR REPORT====
     Supervisor: {local,'Elixir.Logger.Supervisor'}
     Context:    child_terminated
     Reason:     normal
     Offender:   [{pid,<0.177.0>},{id,'Elixir.Logger.ErrorHandler'},{mfargs,{'Elixir.Logger.Watcher',start_link,[{error_logger,'Elixir.Logger.ErrorHandler',{true,false,500}}]}},{restart_type,permanent},{shutdown,5000},{child_type,worker}]

